OXO Game Client Started: 2024-05-22 01:09:43.366825
Connected To Server: localhost
Connected To Server: localhost
Received Message: new game,X
Received Message: your move
Received Message: new game,O
Received Message: opponents move
Sent Message: 0
Received Message: valid move,X,0
Received Message: valid move,X,0
Received Message: opponents move
Received Message: your move
Sent Message: 4
Received Message: valid move,O,4
Received Message: valid move,O,4
Received Message: your move
Received Message: opponents move
Sent Message: 8
Received Message: valid move,X,8
Received Message: valid move,X,8
Received Message: your move
Received Message: opponents move
Sent Message: 5
Received Message: valid move,O,5
Received Message: valid move,O,5
Received Message: your move
Received Message: opponents move
Sent Message: 2
Received Message: valid move,X,2
Received Message: valid move,X,2
Received Message: your move
Received Message: opponents move
Sent Message: 3
Received Message: valid move,O,3
Received Message: valid move,O,3
Received Message: game over,O
Received Message: play again
Received Message: game over,O
Received Message: play again
