OXO Game Server Started: 2024-05-22 01:09:05.605639
*** OXO GAME SERVER STARTED ***
Waiting for client connections.
Connected Client 0: ('127.0.0.1', 40668)
Connected Client 1: ('127.0.0.1', 58894)
Sent Message Client 0: new game,X
Sent Message Client 1: new game,O
Sent Message Client 0: your move
Sent Message Client 1: opponents move
Received Message Client 0: 0
Sent Message Client 0: valid move,X,0
Sent Message Client 1: valid move,X,0
Sent Message Client 1: your move
Sent Message Client 0: opponents move
Received Message Client 1: 4
Sent Message Client 1: valid move,O,4
Sent Message Client 0: valid move,O,4
Sent Message Client 0: your move
Sent Message Client 1: opponents move
Received Message Client 0: 8
Sent Message Client 0: valid move,X,8
Sent Message Client 1: valid move,X,8
Sent Message Client 1: your move
Sent Message Client 0: opponents move
Received Message Client 1: 5
Sent Message Client 1: valid move,O,5
Sent Message Client 0: valid move,O,5
Sent Message Client 0: your move
Sent Message Client 1: opponents move
Received Message Client 0: 2
Sent Message Client 0: valid move,X,2
Sent Message Client 1: valid move,X,2
Sent Message Client 1: your move
Sent Message Client 0: opponents move
Received Message Client 1: 3
Sent Message Client 1: valid move,O,3
Sent Message Client 0: valid move,O,3
Sent Message Client 0: game over,O
Sent Message Client 1: game over,O
Sent Message Client 0: play again
Sent Message Client 1: play again
